Determining if the pthread_create exist failed with the following output:
Change Dir: /workspace/retinanet-examples/extras/cppapi/build/CMakeFiles/CMakeTmp

Run Build Command(s):/usr/bin/make cmTC_1d538/fast 
/usr/bin/make -f CMakeFiles/cmTC_1d538.dir/build.make CMakeFiles/cmTC_1d538.dir/build
make[1]: Entering directory '/workspace/retinanet-examples/extras/cppapi/build/CMakeFiles/CMakeTmp'
Building CXX object CMakeFiles/cmTC_1d538.dir/CheckSymbolExists.cxx.o
/usr/bin/c++    -std=gnu++14 -o CMakeFiles/cmTC_1d538.dir/CheckSymbolExists.cxx.o -c /workspace/retinanet-examples/extras/cppapi/build/CMakeFiles/CMakeTmp/CheckSymbolExists.cxx
Linking CXX executable cmTC_1d538
/opt/conda/bin/cmake -E cmake_link_script CMakeFiles/cmTC_1d538.dir/link.txt --verbose=1
/usr/bin/c++       CMakeFiles/cmTC_1d538.dir/CheckSymbolExists.cxx.o  -o cmTC_1d538 
CMakeFiles/cmTC_1d538.dir/CheckSymbolExists.cxx.o: In function `main':
CheckSymbolExists.cxx:(.text+0x1b): undefined reference to `pthread_create'
collect2: error: ld returned 1 exit status
CMakeFiles/cmTC_1d538.dir/build.make:86: recipe for target 'cmTC_1d538' failed
make[1]: *** [cmTC_1d538] Error 1
make[1]: Leaving directory '/workspace/retinanet-examples/extras/cppapi/build/CMakeFiles/CMakeTmp'
Makefile:121: recipe for target 'cmTC_1d538/fast' failed
make: *** [cmTC_1d538/fast] Error 2

File /workspace/retinanet-examples/extras/cppapi/build/CMakeFiles/CMakeTmp/CheckSymbolExists.cxx:
/* */
#include <pthread.h>

int main(int argc, char** argv)
{
  (void)argv;
#ifndef pthread_create
  return ((int*)(&pthread_create))[argc];
#else
  (void)argc;
  return 0;
#endif
}

Determining if the function pthread_create exists in the pthreads failed with the following output:
Change Dir: /workspace/retinanet-examples/extras/cppapi/build/CMakeFiles/CMakeTmp

Run Build Command(s):/usr/bin/make cmTC_4fcd4/fast 
/usr/bin/make -f CMakeFiles/cmTC_4fcd4.dir/build.make CMakeFiles/cmTC_4fcd4.dir/build
make[1]: Entering directory '/workspace/retinanet-examples/extras/cppapi/build/CMakeFiles/CMakeTmp'
Building CXX object CMakeFiles/cmTC_4fcd4.dir/CheckFunctionExists.cxx.o
/usr/bin/c++    -DCHECK_FUNCTION_EXISTS=pthread_create   -std=gnu++14 -o CMakeFiles/cmTC_4fcd4.dir/CheckFunctionExists.cxx.o -c /workspace/retinanet-examples/extras/cppapi/build/CMakeFiles/CheckLibraryExists/CheckFunctionExists.cxx
Linking CXX executable cmTC_4fcd4
/opt/conda/bin/cmake -E cmake_link_script CMakeFiles/cmTC_4fcd4.dir/link.txt --verbose=1
/usr/bin/c++   -DCHECK_FUNCTION_EXISTS=pthread_create    CMakeFiles/cmTC_4fcd4.dir/CheckFunctionExists.cxx.o  -o cmTC_4fcd4 -lpthreads 
/usr/bin/ld: cannot find -lpthreads
collect2: error: ld returned 1 exit status
CMakeFiles/cmTC_4fcd4.dir/build.make:86: recipe for target 'cmTC_4fcd4' failed
make[1]: *** [cmTC_4fcd4] Error 1
make[1]: Leaving directory '/workspace/retinanet-examples/extras/cppapi/build/CMakeFiles/CMakeTmp'
Makefile:121: recipe for target 'cmTC_4fcd4/fast' failed
make: *** [cmTC_4fcd4/fast] Error 2


